[2021-06-12 20:58:18] [info] Start Program:
Path:"D:\\Facultate\\Materii\\Anul 1 - Semestrul 2\\Programare orientata obiecte\\Laborator\\Practic_Sarkozi_Samuel_216\\x64\\Debug\\Practic_Sarkozi_Samuel_216.exe"
Arguments:
Working directory: "D:\\Facultate\\Materii\\Anul 1 - Semestrul 2\\Programare orientata obiecte\\Laborator\\Practic_Sarkozi_Samuel_216\\Practic_Sarkozi_Samuel_216\\"
Modules: Selected: D:\Facultate\Materii\Anul 1 - Semestrul 2\Programare orientata obiecte\Laborator\Practic_Sarkozi_Samuel_216\x64\Debug\Practic_Sarkozi_Samuel_216.exe Excluded: 
Sources: Selected: D:\Facultate\Materii\Anul 1 - Semestrul 2\Programare orientata obiecte\Laborator\Practic_Sarkozi_Samuel_216\Practic_Sarkozi_Samuel_216 Excluded: GUI GUI_Filtrate Observer 
Log Level: Normal
Cover Children: 0
Aggregate by file: 1
Continue after C++ exception: 0
Optimized build support: 0
Export: binary C:\Users\Delta Laptop\AppData\Local\Temp\fhplmflr.qpy 
Input coverage: 
Unified diff: 
Excluded line regular expressions: 
Substitute pdb source paths: 

[2021-06-12 20:58:18] [info] Module: D:\Facultate\Materii\Anul 1 - Semestrul 2\Programare orientata obiecte\Laborator\Practic_Sarkozi_Samuel_216\x64\Debug\Practic_Sarkozi_Samuel_216.exe is selected because it matches selected pattern: D:\Facultate\Materii\Anul 1 - Semestrul 2\Programare orientata obiecte\Laborator\Practic_Sarkozi_Samuel_216\x64\Debug\Practic_Sarkozi_Samuel_216.exe
[2021-06-12 20:58:18] [info] ----------------------------------------------------
[2021-06-12 20:58:18] [info] Coverage binary generated in file: C:\Users\Delta Laptop\AppData\Local\Temp\fhplmflr.qpy
[2021-06-12 20:58:18] [info] ----------------------------------------------------
